[DEBUG] 2025/04/16 11:24:53 logger.go:61: network.ximalayaIIp_ip: www.ximalaya.com
[DEBUG] 2025/04/16 13:30:24 logger.go:61: network.ximalayaIIp_ip: www.ximalaya.com
[DEBUG] 2025/04/16 13:30:52 logger.go:61: network.ximalayaIIp_ip: www.ximalaya.com
[DEBUG] 2025/04/16 13:31:31 logger.go:61: network.ximalayaIIp_ip: www.ximalaya.com
[DEBUG] 2025/04/16 13:36:03 logger.go:61: network.ximalayaIIp_ip: www.ximalaya.com
[DEBUG] 2025/04/16 13:36:24 logger.go:61: network.ximalayaIIp_ip: www.ximalaya.com
[DEBUG] 2025/04/16 14:45:07 logger.go:61: network.ximalayaIIp_ip: www.ximalaya.com
[DEBUG] 2025/04/16 14:57:21 logger.go:61: network.ximalayaIIp_ip: www.ximalaya.com
[DEBUG] 2025/04/16 14:57:59 logger.go:61: 查询所有订单
[DEBUG] 2025/04/16 15:00:00 logger.go:61: 查询所有订单
[DEBUG] 2025/04/16 15:00:03 logger.go:61: 查询所有订单
[DEBUG] 2025/04/16 15:00:09 logger.go:61: 查询所有订单
[DEBUG] 2025/04/16 15:00:09 logger.go:61: 查询所有订单
[DEBUG] 2025/04/16 15:17:00 logger.go:61: network.ximalayaIIp_ip: www.ximalaya.com
[DEBUG] 2025/04/16 15:38:12 logger.go:61: 查询所有订单
[DEBUG] 2025/04/16 15:43:30 logger.go:61: 查询所有订单
[DEBUG] 2025/04/16 15:43:51 logger.go:61: 查询所有订单
[DEBUG] 2025/04/16 15:44:05 logger.go:61: 查询所有订单
[DEBUG] 2025/04/16 15:52:38 logger.go:61: network.ximalayaIIp_ip: www.ximalaya.com
[DEBUG] 2025/04/16 15:53:05 logger.go:61: 查询所有订单
[DEBUG] 2025/04/16 15:53:23 logger.go:61: 查询所有订单
[DEBUG] 2025/04/16 16:27:02 logger.go:61: 查询所有订单
[DEBUG] 2025/04/16 16:27:19 logger.go:61: 查询所有订单
[DEBUG] 2025/04/16 16:27:20 logger.go:61: 查询所有订单
[DEBUG] 2025/04/16 16:27:57 logger.go:61: 查询所有订单
[DEBUG] 2025/04/16 16:27:58 logger.go:61: 查询所有订单
[DEBUG] 2025/04/16 16:33:13 logger.go:61: 查询所有订单
[DEBUG] 2025/04/16 16:45:27 logger.go:61: 查询所有订单
[DEBUG] 2025/04/16 16:45:28 logger.go:61: 查询所有订单
[DEBUG] 2025/04/16 16:45:48 logger.go:61: 查询所有订单
[DEBUG] 2025/04/16 16:46:00 logger.go:61: 查询所有订单
[DEBUG] 2025/04/16 16:46:03 logger.go:61: 查询所有订单
[DEBUG] 2025/04/16 16:48:49 logger.go:61: network.ximalayaIIp_ip: www.ximalaya.com
[DEBUG] 2025/04/16 16:48:53 logger.go:61: 查询所有订单
[DEBUG] 2025/04/16 16:52:03 logger.go:61: 查询所有订单
[DEBUG] 2025/04/16 16:52:06 logger.go:61: 查询所有订单
[DEBUG] 2025/04/16 16:52:06 logger.go:61: 查询所有订单
[DEBUG] 2025/04/16 16:52:08 logger.go:61: 查询所有订单
[DEBUG] 2025/04/16 16:52:09 logger.go:61: 查询所有订单
[DEBUG] 2025/04/16 17:25:04 logger.go:61: 查询所有订单
[DEBUG] 2025/04/16 17:25:28 logger.go:61: 查询所有订单
[DEBUG] 2025/04/16 17:25:46 logger.go:61: 查询所有订单
[DEBUG] 2025/04/16 17:29:39 logger.go:61: 查询所有订单
[DEBUG] 2025/04/16 17:32:27 logger.go:61: 查询所有订单
[DEBUG] 2025/04/16 17:51:31 logger.go:61: 查询所有订单
[DEBUG] 2025/04/16 17:54:48 logger.go:61: 查询所有订单
[DEBUG] 2025/04/16 18:04:56 logger.go:61: 查询所有订单
[DEBUG] 2025/04/16 18:18:36 logger.go:61: network.ximalayaIIp_ip: www.ximalaya.com
[DEBUG] 2025/04/16 18:19:45 logger.go:61: network.ximalayaIIp_ip: www.ximalaya.com
[DEBUG] 2025/04/16 18:28:35 logger.go:61: 查询所有订单
[DEBUG] 2025/04/16 18:29:09 logger.go:61: 查询所有订单
[DEBUG] 2025/04/16 18:32:29 logger.go:61: 查询所有订单
[DEBUG] 2025/04/16 22:32:15 logger.go:61: network.ximalayaIIp_ip: www.ximalaya.com
[DEBUG] 2025/04/16 22:36:46 logger.go:61: network.ximalayaIIp_ip: www.ximalaya.com
[DEBUG] 2025/04/16 22:36:48 logger.go:61: 查询所有订单
[DEBUG] 2025/04/16 22:37:23 logger.go:61: 查询所有订单
[DEBUG] 2025/04/16 22:37:28 logger.go:61: 查询所有订单
[DEBUG] 2025/04/16 22:49:31 logger.go:61: 查询所有订单
[DEBUG] 2025/04/16 22:49:56 logger.go:61: 查询所有订单
[DEBUG] 2025/04/16 22:59:45 logger.go:61: 查询所有订单
[DEBUG] 2025/04/16 23:01:00 logger.go:61: 查询所有订单
[DEBUG] 2025/04/16 23:01:11 logger.go:61: 查询所有订单
[DEBUG] 2025/04/16 23:01:14 logger.go:61: 查询所有订单
[DEBUG] 2025/04/17 08:58:45 logger.go:61: network.ximalayaIIp_ip: www.ximalaya.com
[DEBUG] 2025/04/17 08:59:14 logger.go:61: 查询所有订单
[DEBUG] 2025/04/17 08:59:17 logger.go:61: 查询所有订单
[DEBUG] 2025/04/17 08:59:24 logger.go:61: 查询所有订单
[DEBUG] 2025/04/17 09:12:43 logger.go:61: 查询所有订单
[DEBUG] 2025/04/17 09:21:18 logger.go:61: 查询所有订单
[DEBUG] 2025/04/17 09:22:15 logger.go:61: 查询所有订单
[DEBUG] 2025/04/17 09:24:16 logger.go:61: 查询所有订单
[DEBUG] 2025/04/17 09:25:53 logger.go:61: 查询所有订单
[DEBUG] 2025/04/17 09:27:25 logger.go:61: 查询所有订单
[DEBUG] 2025/04/17 09:27:29 logger.go:61: 查询所有订单
[DEBUG] 2025/04/18 09:28:20 logger.go:61: network.ximalayaIIp_ip: www.ximalaya.com
[DEBUG] 2025/04/18 09:30:34 logger.go:61: 查询所有订单
[DEBUG] 2025/04/18 09:48:41 logger.go:61: 查询所有订单
[DEBUG] 2025/04/18 09:49:01 logger.go:61: 查询所有订单
[DEBUG] 2025/04/18 09:49:05 logger.go:61: 查询所有订单
[DEBUG] 2025/04/18 09:50:49 logger.go:61: 查询所有订单
[DEBUG] 2025/04/18 09:50:53 logger.go:61: 查询所有订单
[DEBUG] 2025/04/18 09:50:54 logger.go:61: 查询所有订单
[DEBUG] 2025/04/18 09:51:16 logger.go:61: 查询所有订单
[DEBUG] 2025/04/18 09:51:46 logger.go:61: 查询所有订单
[DEBUG] 2025/04/18 09:51:50 logger.go:61: 查询所有订单
[DEBUG] 2025/04/18 09:51:51 logger.go:61: 查询所有订单
[DEBUG] 2025/04/18 09:52:27 logger.go:61: 查询所有订单
[DEBUG] 2025/04/18 10:01:25 logger.go:61: 查询所有订单
[DEBUG] 2025/04/18 10:02:55 logger.go:61: 查询所有订单
[DEBUG] 2025/04/18 10:11:00 logger.go:61: 查询所有订单
[DEBUG] 2025/04/18 10:11:07 logger.go:61: 查询所有订单
[DEBUG] 2025/04/18 10:11:47 logger.go:61: 查询所有订单
[DEBUG] 2025/04/18 10:36:10 logger.go:61: 查询所有订单
[DEBUG] 2025/04/18 13:45:14 logger.go:61: network.ximalayaIIp_ip: www.ximalaya.com
[DEBUG] 2025/04/18 13:45:33 logger.go:61: 查询所有订单
[DEBUG] 2025/04/18 13:45:44 logger.go:61: 增加订单
[DEBUG] 2025/04/18 13:46:45 logger.go:61: network.ximalayaIIp_ip: www.ximalaya.com
[DEBUG] 2025/04/18 13:47:25 logger.go:61: network.ximalayaIIp_ip: www.ximalaya.com
[DEBUG] 2025/04/18 13:47:34 logger.go:61: 增加订单
[ERROR] 2025/04/18 13:47:34 logger.go:82: 解析请求体失败, err: json: cannot unmarshal number into Go struct field Order.pddIsBlackList of type bool
[DEBUG] 2025/04/18 13:49:26 logger.go:61: 查询所有订单
[DEBUG] 2025/04/18 13:49:29 logger.go:61: 查询所有订单
[DEBUG] 2025/04/18 13:50:22 logger.go:61: 增加订单
[DEBUG] 2025/04/18 13:50:31 logger.go:61: 增加订单
[DEBUG] 2025/04/18 13:50:43 logger.go:61: 增加订单
[DEBUG] 2025/04/18 13:51:20 logger.go:61: 增加订单
[DEBUG] 2025/04/18 13:55:18 logger.go:61: network.ximalayaIIp_ip: www.ximalaya.com
[DEBUG] 2025/04/18 13:55:25 logger.go:61: 增加订单
[ERROR] 2025/04/18 13:55:25 logger.go:82: 增加订单失败, err: Error 1054 (42S22): Unknown column 'dropShippingDiscountPrice' in 'field list'
[DEBUG] 2025/04/18 13:55:40 logger.go:61: 增加订单
[ERROR] 2025/04/18 13:55:40 logger.go:82: 增加订单失败, err: Error 1054 (42S22): Unknown column 'dropShippingDiscountPrice' in 'field list'
[DEBUG] 2025/04/18 14:04:56 logger.go:61: network.ximalayaIIp_ip: www.ximalaya.com
[DEBUG] 2025/04/18 14:05:12 logger.go:61: 增加订单
[ERROR] 2025/04/18 14:05:12 logger.go:82: 增加订单失败, err: Error 1054 (42S22): Unknown column 'pddOrderPrice' in 'field list'
[DEBUG] 2025/04/18 14:05:40 logger.go:61: 增加订单
[ERROR] 2025/04/18 14:05:40 logger.go:82: 增加订单失败, err: Error 1054 (42S22): Unknown column 'pddOrderPrice' in 'field list'
[DEBUG] 2025/04/18 14:06:04 logger.go:61: 增加订单
[ERROR] 2025/04/18 14:06:04 logger.go:82: 增加订单失败, err: Error 1054 (42S22): Unknown column 'pddOrderPrice' in 'field list'
[DEBUG] 2025/04/18 14:13:30 logger.go:61: network.ximalayaIIp_ip: www.ximalaya.com
[DEBUG] 2025/04/18 14:14:16 logger.go:61: network.ximalayaIIp_ip: www.ximalaya.com
[DEBUG] 2025/04/18 14:14:48 logger.go:61: 增加订单
[DEBUG] 2025/04/18 14:15:05 logger.go:61: 增加订单
[DEBUG] 2025/04/18 14:15:06 logger.go:61: 增加订单
[DEBUG] 2025/04/18 14:15:32 logger.go:61: 查询所有订单
[DEBUG] 2025/04/18 14:15:35 logger.go:61: 查询所有订单
[DEBUG] 2025/04/18 14:19:47 logger.go:61: 增加订单
[ERROR] 2025/04/18 14:19:47 logger.go:82: 增加订单失败, err: Error 1146 (42S02): Table 'pdd_order.orders' doesn't exist
[DEBUG] 2025/04/18 14:20:48 logger.go:61: network.ximalayaIIp_ip: www.ximalaya.com
[DEBUG] 2025/04/18 14:21:55 logger.go:61: network.ximalayaIIp_ip: www.ximalaya.com
[DEBUG] 2025/04/18 14:23:13 logger.go:61: network.ximalayaIIp_ip: www.ximalaya.com
[DEBUG] 2025/04/18 14:26:39 logger.go:61: network.ximalayaIIp_ip: www.ximalaya.com
[DEBUG] 2025/04/18 14:27:32 logger.go:61: network.ximalayaIIp_ip: www.ximalaya.com
[DEBUG] 2025/04/18 14:28:38 logger.go:61: 增加订单
[DEBUG] 2025/04/18 14:28:57 logger.go:61: 查询所有订单
[DEBUG] 2025/04/18 17:18:33 logger.go:61: network.ximalayaIIp_ip: www.ximalaya.com
[DEBUG] 2025/04/18 17:18:40 logger.go:61: 查询所有订单
[DEBUG] 2025/04/18 17:20:17 logger.go:61: 修改订单
[DEBUG] 2025/04/18 17:20:32 logger.go:61: 查询所有订单
[DEBUG] 2025/04/18 17:20:34 logger.go:61: 查询所有订单
[DEBUG] 2025/04/18 17:20:34 logger.go:61: 查询所有订单
[DEBUG] 2025/04/18 17:21:05 logger.go:61: 修改订单
[DEBUG] 2025/04/18 17:21:26 logger.go:61: 查询所有订单
[DEBUG] 2025/04/18 17:21:36 logger.go:61: 查询所有订单
[DEBUG] 2025/04/18 17:22:12 logger.go:61: 修改订单
[DEBUG] 2025/04/18 17:22:19 logger.go:61: 查询所有订单
[DEBUG] 2025/04/18 17:22:33 logger.go:61: 修改订单
[DEBUG] 2025/04/18 17:22:38 logger.go:61: 查询所有订单
[DEBUG] 2025/04/18 17:23:08 logger.go:61: 修改订单
[DEBUG] 2025/04/18 17:23:13 logger.go:61: 查询所有订单
[DEBUG] 2025/04/18 17:23:21 logger.go:61: 查询所有订单
[DEBUG] 2025/04/18 17:23:29 logger.go:61: 查询所有订单
[DEBUG] 2025/04/18 17:23:51 logger.go:61: 修改订单
[DEBUG] 2025/04/18 17:23:58 logger.go:61: 查询所有订单
[DEBUG] 2025/04/18 17:32:47 logger.go:61: 查询所有订单
[DEBUG] 2025/04/18 17:52:26 logger.go:61: 查询所有订单
[DEBUG] 2025/04/18 17:53:32 logger.go:61: 查询所有订单
[DEBUG] 2025/04/18 17:56:00 logger.go:61: 查询所有订单
[DEBUG] 2025/04/18 17:56:02 logger.go:61: 查询所有订单
[DEBUG] 2025/04/18 17:56:03 logger.go:61: 查询所有订单
[DEBUG] 2025/04/18 18:00:26 logger.go:61: network.ximalayaIIp_ip: www.ximalaya.com
[DEBUG] 2025/04/18 18:00:35 logger.go:61: 查询所有订单
[DEBUG] 2025/04/18 18:00:36 logger.go:61: 查询所有订单
[DEBUG] 2025/04/18 18:00:44 logger.go:61: 增加订单
[DEBUG] 2025/04/18 18:00:49 logger.go:61: 查询所有订单
[DEBUG] 2025/04/18 18:00:54 logger.go:61: 查询所有订单
[DEBUG] 2025/04/18 18:00:55 logger.go:61: 查询所有订单
[DEBUG] 2025/04/18 18:01:51 logger.go:61: 修改订单
[DEBUG] 2025/04/18 18:01:56 logger.go:61: 查询所有订单
[DEBUG] 2025/04/18 18:01:57 logger.go:61: 查询所有订单
[DEBUG] 2025/04/18 18:01:58 logger.go:61: 查询所有订单
[DEBUG] 2025/04/18 18:01:59 logger.go:61: 查询所有订单
[DEBUG] 2025/04/18 18:02:01 logger.go:61: 查询所有订单
[DEBUG] 2025/04/18 18:08:34 logger.go:61: network.ximalayaIIp_ip: www.ximalaya.com
[DEBUG] 2025/04/18 18:14:10 logger.go:61: network.ximalayaIIp_ip: www.ximalaya.com
[DEBUG] 2025/04/18 18:19:15 logger.go:61: 查询所有订单
[DEBUG] 2025/04/18 18:19:44 logger.go:61: network.ximalayaIIp_ip: www.ximalaya.com
[DEBUG] 2025/04/18 18:22:09 logger.go:61: 查询所有订单
[DEBUG] 2025/04/18 18:25:27 logger.go:61: 查询所有订单
[DEBUG] 2025/04/18 18:29:04 logger.go:61: 增加订单
[DEBUG] 2025/04/18 18:29:07 logger.go:61: 查询所有订单
[DEBUG] 2025/04/18 18:35:29 logger.go:61: 查询所有订单
[DEBUG] 2025/04/18 18:35:47 logger.go:61: 查询所有订单
[DEBUG] 2025/04/18 18:35:54 logger.go:61: 查询所有订单
[DEBUG] 2025/04/18 18:35:56 logger.go:61: 查询所有订单
[DEBUG] 2025/04/18 22:38:41 logger.go:61: network.ximalayaIIp_ip: www.ximalaya.com
[DEBUG] 2025/04/18 22:50:02 logger.go:61: 查询所有订单
[DEBUG] 2025/04/18 22:50:06 logger.go:61: 查询所有订单
[DEBUG] 2025/04/18 22:51:33 logger.go:61: 增加订单
[DEBUG] 2025/04/18 22:51:54 logger.go:61: 查询所有订单
[DEBUG] 2025/04/18 22:53:17 logger.go:61: 增加订单
[DEBUG] 2025/04/18 22:53:19 logger.go:61: 查询所有订单
[DEBUG] 2025/04/18 22:53:57 logger.go:61: 增加订单
[DEBUG] 2025/04/18 22:53:58 logger.go:61: 查询所有订单
[DEBUG] 2025/04/18 22:54:03 logger.go:61: 查询所有订单
[DEBUG] 2025/04/18 22:59:53 logger.go:61: 增加订单
[DEBUG] 2025/04/18 22:59:55 logger.go:61: 查询所有订单
[DEBUG] 2025/04/18 23:06:14 logger.go:61: 增加订单
[DEBUG] 2025/04/18 23:06:16 logger.go:61: 查询所有订单
[DEBUG] 2025/04/18 23:06:25 logger.go:61: 查询所有订单
[DEBUG] 2025/04/18 23:07:37 logger.go:61: 增加订单
[DEBUG] 2025/04/18 23:07:39 logger.go:61: 查询所有订单
[DEBUG] 2025/04/18 23:08:28 logger.go:61: 增加订单
[DEBUG] 2025/04/18 23:08:30 logger.go:61: 查询所有订单
[DEBUG] 2025/04/18 23:14:40 logger.go:61: 查询所有订单
[DEBUG] 2025/04/18 23:14:55 logger.go:61: 查询所有订单
[DEBUG] 2025/04/18 23:15:42 logger.go:61: 查询所有订单
[DEBUG] 2025/04/18 23:16:51 logger.go:61: 增加订单
[DEBUG] 2025/04/18 23:16:59 logger.go:61: 查询所有订单
[DEBUG] 2025/04/18 23:17:46 logger.go:61: 增加订单
[DEBUG] 2025/04/18 23:17:48 logger.go:61: 查询所有订单
[DEBUG] 2025/04/18 23:17:59 logger.go:61: 查询所有订单
[DEBUG] 2025/04/18 23:19:11 logger.go:61: 增加订单
[DEBUG] 2025/04/18 23:19:14 logger.go:61: 查询所有订单
[DEBUG] 2025/04/18 23:20:15 logger.go:61: 增加订单
[DEBUG] 2025/04/18 23:20:51 logger.go:61: 增加订单
[DEBUG] 2025/04/18 23:20:52 logger.go:61: 查询所有订单
[DEBUG] 2025/04/19 21:32:03 logger.go:61: network.ximalayaIIp_ip: www.ximalaya.com
[DEBUG] 2025/04/19 21:45:36 logger.go:61: 查询所有订单
[DEBUG] 2025/04/19 21:53:10 logger.go:61: 增加订单
[DEBUG] 2025/04/19 21:53:16 logger.go:61: 查询所有订单
[DEBUG] 2025/04/19 21:54:25 logger.go:61: 增加订单
[DEBUG] 2025/04/19 21:54:29 logger.go:61: 查询所有订单
[DEBUG] 2025/04/19 21:55:11 logger.go:61: 增加订单
[DEBUG] 2025/04/19 21:55:18 logger.go:61: 查询所有订单
[DEBUG] 2025/04/19 21:58:20 logger.go:61: 增加订单
[DEBUG] 2025/04/19 21:58:22 logger.go:61: 查询所有订单
[DEBUG] 2025/04/19 21:59:02 logger.go:61: 增加订单
[DEBUG] 2025/04/19 21:59:11 logger.go:61: 查询所有订单
[DEBUG] 2025/04/19 21:59:16 logger.go:61: 查询所有订单
[DEBUG] 2025/04/19 21:59:29 logger.go:61: 查询所有订单
[DEBUG] 2025/04/19 22:00:13 logger.go:61: 增加订单
[DEBUG] 2025/04/19 22:00:21 logger.go:61: 查询所有订单
[DEBUG] 2025/04/19 22:00:55 logger.go:61: 增加订单
[DEBUG] 2025/04/19 22:00:56 logger.go:61: 查询所有订单
[DEBUG] 2025/04/19 22:15:23 logger.go:61: 增加订单
[DEBUG] 2025/04/19 22:15:29 logger.go:61: 查询所有订单
[DEBUG] 2025/04/19 22:15:56 logger.go:61: 增加订单
[DEBUG] 2025/04/19 22:16:08 logger.go:61: 查询所有订单
[DEBUG] 2025/04/19 22:16:52 logger.go:61: 增加订单
[DEBUG] 2025/04/19 22:17:27 logger.go:61: 增加订单
[DEBUG] 2025/04/19 22:17:37 logger.go:61: 查询所有订单
[DEBUG] 2025/04/19 22:18:15 logger.go:61: 增加订单
[DEBUG] 2025/04/20 12:12:45 logger.go:61: network.ximalayaIIp_ip: www.ximalaya.com
[DEBUG] 2025/04/20 12:16:55 logger.go:61: 查询所有订单
[DEBUG] 2025/04/20 12:27:33 logger.go:61: 查询所有订单
[DEBUG] 2025/04/20 12:28:15 logger.go:61: 查询所有订单
[DEBUG] 2025/04/20 12:28:19 logger.go:61: 查询所有订单
[DEBUG] 2025/04/20 12:30:13 logger.go:61: 增加订单
[DEBUG] 2025/04/20 12:30:20 logger.go:61: 查询所有订单
[DEBUG] 2025/04/20 12:31:38 logger.go:61: 增加订单
[DEBUG] 2025/04/20 12:31:40 logger.go:61: 查询所有订单
[DEBUG] 2025/04/20 12:34:00 logger.go:61: 增加订单
[DEBUG] 2025/04/20 12:34:02 logger.go:61: 查询所有订单
[DEBUG] 2025/04/20 12:35:08 logger.go:61: 增加订单
[DEBUG] 2025/04/20 12:35:19 logger.go:61: 查询所有订单
[DEBUG] 2025/04/20 12:35:57 logger.go:61: 增加订单
[DEBUG] 2025/04/20 12:36:00 logger.go:61: 查询所有订单
[DEBUG] 2025/04/20 12:40:23 logger.go:61: 增加订单
[DEBUG] 2025/04/20 12:40:27 logger.go:61: 查询所有订单
[DEBUG] 2025/04/20 12:41:40 logger.go:61: 增加订单
[DEBUG] 2025/04/20 12:41:41 logger.go:61: 查询所有订单
[DEBUG] 2025/04/20 12:44:34 logger.go:61: 增加订单
[DEBUG] 2025/04/20 12:44:44 logger.go:61: 查询所有订单
[DEBUG] 2025/04/20 12:46:10 logger.go:61: 增加订单
[DEBUG] 2025/04/20 12:46:17 logger.go:61: 查询所有订单
[DEBUG] 2025/04/20 12:47:58 logger.go:61: 修改订单
[DEBUG] 2025/04/20 12:48:04 logger.go:61: 查询所有订单
[DEBUG] 2025/04/20 12:50:36 logger.go:61: 增加订单
[DEBUG] 2025/04/20 12:50:41 logger.go:61: 查询所有订单
[DEBUG] 2025/04/20 12:51:40 logger.go:61: 增加订单
[DEBUG] 2025/04/20 12:51:44 logger.go:61: 查询所有订单
[DEBUG] 2025/04/20 12:52:34 logger.go:61: 增加订单
[DEBUG] 2025/04/20 12:52:38 logger.go:61: 查询所有订单
[DEBUG] 2025/04/20 12:53:22 logger.go:61: 增加订单
[DEBUG] 2025/04/20 12:53:33 logger.go:61: 查询所有订单
[DEBUG] 2025/04/20 12:54:15 logger.go:61: 增加订单
[DEBUG] 2025/04/20 12:54:22 logger.go:61: 查询所有订单
[DEBUG] 2025/04/20 12:55:03 logger.go:61: 增加订单
[DEBUG] 2025/04/20 12:55:20 logger.go:61: 查询所有订单
[DEBUG] 2025/04/20 12:58:22 logger.go:61: 增加订单
[DEBUG] 2025/04/20 12:58:30 logger.go:61: 查询所有订单
[DEBUG] 2025/04/20 13:01:39 logger.go:61: 增加订单
[DEBUG] 2025/04/20 13:01:47 logger.go:61: 查询所有订单
[DEBUG] 2025/04/20 13:13:49 logger.go:61: 查询所有订单
[DEBUG] 2025/04/20 13:15:24 logger.go:61: 增加订单
[DEBUG] 2025/04/20 13:15:28 logger.go:61: 查询所有订单
[DEBUG] 2025/04/20 13:16:27 logger.go:61: 增加订单
[DEBUG] 2025/04/20 13:16:31 logger.go:61: 查询所有订单
[DEBUG] 2025/04/20 13:17:45 logger.go:61: 增加订单
[DEBUG] 2025/04/20 13:17:52 logger.go:61: 查询所有订单
[DEBUG] 2025/04/20 13:18:35 logger.go:61: 增加订单
[DEBUG] 2025/04/20 13:18:42 logger.go:61: 查询所有订单
[DEBUG] 2025/04/20 13:20:17 logger.go:61: 增加订单
[DEBUG] 2025/04/20 13:20:21 logger.go:61: 查询所有订单
[DEBUG] 2025/04/20 13:21:27 logger.go:61: 增加订单
[DEBUG] 2025/04/20 13:21:38 logger.go:61: 查询所有订单
[DEBUG] 2025/04/20 13:22:29 logger.go:61: 增加订单
[DEBUG] 2025/04/20 13:22:33 logger.go:61: 查询所有订单
[DEBUG] 2025/04/20 13:23:50 logger.go:61: 增加订单
[DEBUG] 2025/04/20 13:24:00 logger.go:61: 查询所有订单
[DEBUG] 2025/04/20 13:24:36 logger.go:61: 增加订单
[DEBUG] 2025/04/20 13:24:41 logger.go:61: 查询所有订单
[DEBUG] 2025/04/20 13:25:32 logger.go:61: 增加订单
[DEBUG] 2025/04/20 13:25:40 logger.go:61: 查询所有订单
[DEBUG] 2025/04/20 14:03:44 logger.go:61: 查询所有订单
[DEBUG] 2025/04/20 14:04:21 logger.go:61: 增加订单
[DEBUG] 2025/04/20 14:04:25 logger.go:61: 查询所有订单
[DEBUG] 2025/04/20 14:05:15 logger.go:61: 增加订单
[DEBUG] 2025/04/20 14:05:23 logger.go:61: 查询所有订单
[DEBUG] 2025/04/20 14:06:11 logger.go:61: 增加订单
[DEBUG] 2025/04/20 14:06:18 logger.go:61: 查询所有订单
[DEBUG] 2025/04/20 14:07:04 logger.go:61: 增加订单
[DEBUG] 2025/04/20 14:07:10 logger.go:61: 查询所有订单
[DEBUG] 2025/04/20 14:07:12 logger.go:61: 查询所有订单
[DEBUG] 2025/04/20 14:09:42 logger.go:61: 增加订单
[DEBUG] 2025/04/20 14:09:45 logger.go:61: 查询所有订单
[DEBUG] 2025/04/20 14:10:42 logger.go:61: 增加订单
[DEBUG] 2025/04/20 14:10:46 logger.go:61: 查询所有订单
[DEBUG] 2025/04/20 14:11:30 logger.go:61: 增加订单
[DEBUG] 2025/04/20 14:11:33 logger.go:61: 查询所有订单
[DEBUG] 2025/04/20 14:12:19 logger.go:61: 增加订单
[DEBUG] 2025/04/20 14:12:27 logger.go:61: 查询所有订单
[DEBUG] 2025/04/20 14:13:18 logger.go:61: 增加订单
[DEBUG] 2025/04/20 14:13:22 logger.go:61: 查询所有订单
[DEBUG] 2025/04/20 14:14:07 logger.go:61: 增加订单
[DEBUG] 2025/04/20 14:14:14 logger.go:61: 查询所有订单
[DEBUG] 2025/04/20 14:14:55 logger.go:61: 增加订单
[DEBUG] 2025/04/20 14:14:59 logger.go:61: 查询所有订单
[DEBUG] 2025/04/20 14:15:40 logger.go:61: 增加订单
[DEBUG] 2025/04/20 14:15:46 logger.go:61: 查询所有订单
[DEBUG] 2025/04/20 14:17:00 logger.go:61: 增加订单
[DEBUG] 2025/04/20 14:17:03 logger.go:61: 查询所有订单
[DEBUG] 2025/04/20 14:17:48 logger.go:61: 增加订单
[DEBUG] 2025/04/20 14:17:52 logger.go:61: 查询所有订单
[DEBUG] 2025/04/20 14:20:12 logger.go:61: 增加订单
[DEBUG] 2025/04/20 14:20:16 logger.go:61: 查询所有订单
[DEBUG] 2025/04/20 14:21:07 logger.go:61: 增加订单
[DEBUG] 2025/04/20 14:21:11 logger.go:61: 查询所有订单
[DEBUG] 2025/04/20 14:24:27 logger.go:61: 增加订单
[DEBUG] 2025/04/20 14:24:30 logger.go:61: 查询所有订单
[DEBUG] 2025/04/20 14:25:28 logger.go:61: 增加订单
[DEBUG] 2025/04/20 14:25:31 logger.go:61: 查询所有订单
[DEBUG] 2025/04/20 14:26:32 logger.go:61: 增加订单
[DEBUG] 2025/04/20 14:26:36 logger.go:61: 查询所有订单
[DEBUG] 2025/04/20 14:27:47 logger.go:61: 增加订单
[DEBUG] 2025/04/20 14:27:50 logger.go:61: 查询所有订单
[DEBUG] 2025/04/20 14:29:06 logger.go:61: 增加订单
[DEBUG] 2025/04/20 14:29:11 logger.go:61: 查询所有订单
[DEBUG] 2025/04/20 14:30:14 logger.go:61: 增加订单
[DEBUG] 2025/04/20 14:30:19 logger.go:61: 查询所有订单
[DEBUG] 2025/04/20 14:31:11 logger.go:61: 增加订单
[DEBUG] 2025/04/20 14:31:16 logger.go:61: 查询所有订单
[DEBUG] 2025/04/20 14:32:04 logger.go:61: 增加订单
[DEBUG] 2025/04/20 14:32:06 logger.go:61: 查询所有订单
[DEBUG] 2025/04/20 14:40:49 logger.go:61: 查询所有订单
[DEBUG] 2025/04/20 14:42:17 logger.go:61: 查询所有订单
[DEBUG] 2025/04/20 14:42:41 logger.go:61: 查询所有订单
[DEBUG] 2025/04/20 14:43:53 logger.go:61: 增加订单
[DEBUG] 2025/04/20 14:43:57 logger.go:61: 查询所有订单
[DEBUG] 2025/04/20 14:45:40 logger.go:61: 查询所有订单
[DEBUG] 2025/04/20 14:46:34 logger.go:61: 增加订单
[DEBUG] 2025/04/20 14:46:37 logger.go:61: 查询所有订单
[DEBUG] 2025/04/20 14:47:35 logger.go:61: 增加订单
[DEBUG] 2025/04/20 14:47:46 logger.go:61: 查询所有订单
[DEBUG] 2025/04/20 14:48:43 logger.go:61: 增加订单
[DEBUG] 2025/04/20 14:48:47 logger.go:61: 查询所有订单
[DEBUG] 2025/04/20 14:49:01 logger.go:61: 查询所有订单
[DEBUG] 2025/04/20 14:49:45 logger.go:61: 增加订单
[DEBUG] 2025/04/20 14:49:48 logger.go:61: 查询所有订单
[DEBUG] 2025/04/20 14:51:26 logger.go:61: 增加订单
[DEBUG] 2025/04/20 14:51:29 logger.go:61: 查询所有订单
[DEBUG] 2025/04/20 14:52:30 logger.go:61: 增加订单
[DEBUG] 2025/04/20 14:52:46 logger.go:61: 增加订单
[DEBUG] 2025/04/20 14:52:49 logger.go:61: 查询所有订单
[DEBUG] 2025/04/20 14:53:52 logger.go:61: 增加订单
[DEBUG] 2025/04/20 14:54:08 logger.go:61: 查询所有订单
[DEBUG] 2025/04/20 14:54:58 logger.go:61: 增加订单
[DEBUG] 2025/04/20 14:55:01 logger.go:61: 查询所有订单
[DEBUG] 2025/04/20 14:55:45 logger.go:61: 增加订单
[DEBUG] 2025/04/20 14:55:48 logger.go:61: 查询所有订单
[DEBUG] 2025/04/20 14:56:40 logger.go:61: 增加订单
[DEBUG] 2025/04/20 14:56:41 logger.go:61: 查询所有订单
[DEBUG] 2025/04/20 14:57:39 logger.go:61: 增加订单
[DEBUG] 2025/04/20 14:57:42 logger.go:61: 查询所有订单
[DEBUG] 2025/04/20 14:58:36 logger.go:61: 增加订单
[DEBUG] 2025/04/20 14:58:41 logger.go:61: 查询所有订单
[DEBUG] 2025/04/20 14:59:43 logger.go:61: 增加订单
[DEBUG] 2025/04/20 14:59:49 logger.go:61: 查询所有订单
[DEBUG] 2025/04/20 15:00:56 logger.go:61: 增加订单
[DEBUG] 2025/04/20 15:01:06 logger.go:61: 查询所有订单
[DEBUG] 2025/04/20 15:02:04 logger.go:61: 增加订单
[DEBUG] 2025/04/20 15:02:07 logger.go:61: 查询所有订单
[DEBUG] 2025/04/20 15:03:01 logger.go:61: 增加订单
[DEBUG] 2025/04/20 15:03:09 logger.go:61: 查询所有订单
[DEBUG] 2025/04/20 15:03:54 logger.go:61: 增加订单
[DEBUG] 2025/04/20 15:03:58 logger.go:61: 查询所有订单
[DEBUG] 2025/04/20 15:06:05 logger.go:61: 增加订单
[DEBUG] 2025/04/20 15:06:13 logger.go:61: 查询所有订单
[DEBUG] 2025/04/20 15:07:04 logger.go:61: 增加订单
[DEBUG] 2025/04/20 15:07:09 logger.go:61: 查询所有订单
[DEBUG] 2025/04/20 15:08:10 logger.go:61: 增加订单
[DEBUG] 2025/04/20 15:08:13 logger.go:61: 查询所有订单
[DEBUG] 2025/04/20 15:09:06 logger.go:61: 增加订单
[DEBUG] 2025/04/20 15:09:09 logger.go:61: 查询所有订单
[DEBUG] 2025/04/20 15:09:51 logger.go:61: 增加订单
[DEBUG] 2025/04/20 15:09:54 logger.go:61: 查询所有订单
[DEBUG] 2025/04/20 15:10:55 logger.go:61: 增加订单
[DEBUG] 2025/04/20 15:10:58 logger.go:61: 查询所有订单
[DEBUG] 2025/04/20 15:10:59 logger.go:61: 查询所有订单
[DEBUG] 2025/04/20 15:11:50 logger.go:61: 增加订单
[DEBUG] 2025/04/20 15:11:58 logger.go:61: 查询所有订单
[DEBUG] 2025/04/20 15:12:39 logger.go:61: 增加订单
[DEBUG] 2025/04/20 15:12:44 logger.go:61: 查询所有订单
[DEBUG] 2025/04/20 15:13:33 logger.go:61: 增加订单
[DEBUG] 2025/04/20 15:13:36 logger.go:61: 查询所有订单
[DEBUG] 2025/04/20 15:14:25 logger.go:61: 增加订单
[DEBUG] 2025/04/20 15:14:28 logger.go:61: 查询所有订单
[DEBUG] 2025/04/20 15:15:23 logger.go:61: 增加订单
[DEBUG] 2025/04/20 15:15:26 logger.go:61: 查询所有订单
[DEBUG] 2025/04/20 15:16:29 logger.go:61: 增加订单
[DEBUG] 2025/04/20 15:16:32 logger.go:61: 查询所有订单
[DEBUG] 2025/04/20 15:17:58 logger.go:61: 增加订单
[DEBUG] 2025/04/20 15:18:03 logger.go:61: 查询所有订单
[DEBUG] 2025/04/20 15:19:07 logger.go:61: 增加订单
[DEBUG] 2025/04/20 15:19:14 logger.go:61: 查询所有订单
[DEBUG] 2025/04/20 15:20:17 logger.go:61: 增加订单
[DEBUG] 2025/04/20 15:20:21 logger.go:61: 查询所有订单
[DEBUG] 2025/04/20 15:20:21 logger.go:61: 查询所有订单
[DEBUG] 2025/04/20 17:09:52 logger.go:61: 查询所有订单
[DEBUG] 2025/04/20 17:09:56 logger.go:61: 查询所有订单
[DEBUG] 2025/04/20 17:12:40 logger.go:61: 查询所有订单
[DEBUG] 2025/04/20 17:13:13 logger.go:61: 查询所有订单
[DEBUG] 2025/04/20 17:13:38 logger.go:61: 查询所有订单
[DEBUG] 2025/04/20 17:14:04 logger.go:61: 查询所有订单
[DEBUG] 2025/04/20 17:14:10 logger.go:61: 查询所有订单
[DEBUG] 2025/04/20 17:22:56 logger.go:61: 查询所有订单
[DEBUG] 2025/04/20 17:33:09 logger.go:61: 查询所有订单
[DEBUG] 2025/04/20 17:35:37 logger.go:61: 查询所有订单
[DEBUG] 2025/04/20 17:35:40 logger.go:61: 查询所有订单
[DEBUG] 2025/04/20 17:36:06 logger.go:61: 查询所有订单
[DEBUG] 2025/04/20 17:36:34 logger.go:61: 查询所有订单
[DEBUG] 2025/04/20 17:39:40 logger.go:61: 查询所有订单
[DEBUG] 2025/04/20 17:41:07 logger.go:61: 查询所有订单
[DEBUG] 2025/04/20 17:41:09 logger.go:61: 查询所有订单
[DEBUG] 2025/04/20 17:41:43 logger.go:61: 查询所有订单
[DEBUG] 2025/04/20 17:42:28 logger.go:61: 查询所有订单
[DEBUG] 2025/04/20 17:43:44 logger.go:61: 查询所有订单
[DEBUG] 2025/04/20 18:12:33 logger.go:61: 查询所有订单
[DEBUG] 2025/04/20 18:14:51 logger.go:61: 查询所有订单
[DEBUG] 2025/04/20 18:23:01 logger.go:61: 查询所有订单
[DEBUG] 2025/04/20 18:23:37 logger.go:61: 查询所有订单
[DEBUG] 2025/04/20 18:24:08 logger.go:61: 查询所有订单
[DEBUG] 2025/04/20 18:24:57 logger.go:61: 查询所有订单
[DEBUG] 2025/04/20 18:33:38 logger.go:61: 查询所有订单
[DEBUG] 2025/04/20 21:08:55 logger.go:61: 查询所有订单
[DEBUG] 2025/04/20 21:13:37 logger.go:61: 增加订单
[DEBUG] 2025/04/20 21:13:42 logger.go:61: 查询所有订单
[DEBUG] 2025/04/20 21:20:58 logger.go:61: 查询所有订单
[DEBUG] 2025/04/20 21:21:04 logger.go:61: 查询所有订单
[DEBUG] 2025/04/20 21:21:12 logger.go:61: 查询所有订单
[DEBUG] 2025/04/20 21:26:13 logger.go:61: 查询所有订单
[DEBUG] 2025/04/20 21:45:11 logger.go:61: network.ximalayaIIp_ip: www.ximalaya.com
[DEBUG] 2025/04/20 21:45:11 logger.go:61: db.name: pdd_order_test
[DEBUG] 2025/04/20 21:50:42 logger.go:61: network.ximalayaIIp_ip: www.ximalaya.com
[DEBUG] 2025/04/20 21:50:42 logger.go:61: db.name: pdd_order_test
[DEBUG] 2025/04/20 21:58:01 logger.go:61: network.ximalayaIIp_ip: www.ximalaya.com
[DEBUG] 2025/04/20 21:58:01 logger.go:61: db.name: pdd_order_test
[DEBUG] 2025/04/20 21:58:08 logger.go:61: 查询所有订单
[DEBUG] 2025/04/20 21:58:18 logger.go:61: 查询所有订单
[DEBUG] 2025/04/20 22:00:31 logger.go:61: 增加订单
[DEBUG] 2025/04/20 22:03:01 logger.go:61: 查询所有订单
[DEBUG] 2025/04/20 22:03:11 logger.go:61: 增加订单
[DEBUG] 2025/04/20 22:03:17 logger.go:61: 查询所有订单
[DEBUG] 2025/04/20 22:07:12 logger.go:61: 查询所有订单
[DEBUG] 2025/04/20 22:07:22 logger.go:61: 增加订单
[DEBUG] 2025/04/20 22:07:24 logger.go:61: 查询所有订单
[DEBUG] 2025/04/20 22:11:03 logger.go:61: 查询所有订单
[DEBUG] 2025/04/20 22:13:02 logger.go:61: 查询所有订单
[DEBUG] 2025/04/20 22:13:04 logger.go:61: 查询所有订单
[DEBUG] 2025/04/20 22:13:35 logger.go:61: 查询所有订单
[DEBUG] 2025/04/20 22:13:42 logger.go:61: 查询所有订单
[DEBUG] 2025/04/20 22:28:40 logger.go:61: 查询所有订单
[DEBUG] 2025/04/20 22:29:59 logger.go:61: 查询所有订单
[DEBUG] 2025/04/20 22:30:20 logger.go:61: 查询所有订单
[DEBUG] 2025/04/20 22:30:55 logger.go:61: 查询所有订单
[DEBUG] 2025/04/20 22:30:57 logger.go:61: 查询所有订单
[DEBUG] 2025/04/20 22:30:58 logger.go:61: 查询所有订单
[DEBUG] 2025/04/20 22:31:01 logger.go:61: 查询所有订单
[DEBUG] 2025/04/20 22:38:35 logger.go:61: 查询所有订单
[DEBUG] 2025/04/20 22:38:48 logger.go:61: 查询所有订单
[DEBUG] 2025/04/20 22:40:38 logger.go:61: 查询所有订单
[DEBUG] 2025/04/20 22:42:59 logger.go:61: 查询所有订单
[DEBUG] 2025/04/20 22:47:00 logger.go:61: 查询所有订单
[DEBUG] 2025/04/20 22:47:08 logger.go:61: 查询所有订单
[DEBUG] 2025/04/20 22:47:23 logger.go:61: 查询所有订单
[DEBUG] 2025/04/20 22:48:09 logger.go:61: 查询所有订单
[DEBUG] 2025/04/20 22:48:16 logger.go:61: 查询所有订单
[DEBUG] 2025/04/20 22:48:20 logger.go:61: 查询所有订单
[DEBUG] 2025/04/20 22:48:23 logger.go:61: 查询所有订单
[DEBUG] 2025/04/20 22:49:29 logger.go:61: 查询所有订单
[DEBUG] 2025/04/20 22:50:02 logger.go:61: 查询所有订单
[DEBUG] 2025/04/20 22:50:12 logger.go:61: 查询所有订单
[DEBUG] 2025/04/20 22:50:18 logger.go:61: 查询所有订单
[DEBUG] 2025/04/20 22:50:49 logger.go:61: 查询所有订单
[DEBUG] 2025/04/20 22:51:05 logger.go:61: 查询所有订单
[DEBUG] 2025/04/20 22:52:24 logger.go:61: 查询所有订单
[DEBUG] 2025/04/20 22:52:42 logger.go:61: 查询所有订单
[DEBUG] 2025/04/20 22:53:49 logger.go:61: 查询所有订单
[DEBUG] 2025/04/20 23:05:18 logger.go:61: network.ximalayaIIp_ip: www.ximalaya.com
[DEBUG] 2025/04/20 23:05:18 logger.go:61: db.name: pdd_order_test
[DEBUG] 2025/04/20 23:07:54 logger.go:61: 查询所有订单
[DEBUG] 2025/04/20 23:08:21 logger.go:61: 查询所有订单
[DEBUG] 2025/04/20 23:08:24 logger.go:61: 查询所有订单
[DEBUG] 2025/04/20 23:08:26 logger.go:61: 查询所有订单
[DEBUG] 2025/04/20 23:08:31 logger.go:61: 查询所有订单
[DEBUG] 2025/04/20 23:08:33 logger.go:61: 查询所有订单
[DEBUG] 2025/04/20 23:09:21 logger.go:61: 查询所有订单
[DEBUG] 2025/04/20 23:09:38 logger.go:61: 查询所有订单
[DEBUG] 2025/04/20 23:09:43 logger.go:61: 查询所有订单
[DEBUG] 2025/04/20 23:09:45 logger.go:61: 查询所有订单
[DEBUG] 2025/04/20 23:09:53 logger.go:61: 查询所有订单
[DEBUG] 2025/04/20 23:09:55 logger.go:61: 查询所有订单
[DEBUG] 2025/04/20 23:09:58 logger.go:61: 查询所有订单
[DEBUG] 2025/04/20 23:10:04 logger.go:61: 查询所有订单
[DEBUG] 2025/04/20 23:10:23 logger.go:61: 查询所有订单
[DEBUG] 2025/04/20 23:12:00 logger.go:61: 查询所有订单
[DEBUG] 2025/04/20 23:12:50 logger.go:61: 查询所有订单
[DEBUG] 2025/04/20 23:13:50 logger.go:61: 查询所有订单
[DEBUG] 2025/04/20 23:13:52 logger.go:61: 查询所有订单
[DEBUG] 2025/04/20 23:14:15 logger.go:61: 查询所有订单
[DEBUG] 2025/04/20 23:14:24 logger.go:61: 查询所有订单
[DEBUG] 2025/04/20 23:15:22 logger.go:61: network.ximalayaIIp_ip: www.ximalaya.com
[DEBUG] 2025/04/20 23:15:22 logger.go:61: db.name: pdd_order_test
[DEBUG] 2025/04/20 23:16:03 logger.go:61: network.ximalayaIIp_ip: www.ximalaya.com
[DEBUG] 2025/04/20 23:16:03 logger.go:61: db.name: pdd_order_test
[DEBUG] 2025/04/20 23:19:41 logger.go:61: 查询所有订单
[DEBUG] 2025/04/20 23:19:43 logger.go:61: 查询所有订单
[DEBUG] 2025/04/20 23:20:17 logger.go:61: 查询所有订单
[DEBUG] 2025/04/20 23:20:36 logger.go:61: 查询所有订单
[DEBUG] 2025/04/20 23:21:33 logger.go:61: 查询所有订单
[DEBUG] 2025/04/20 23:21:35 logger.go:61: 查询所有订单
[DEBUG] 2025/04/20 23:21:36 logger.go:61: 查询所有订单
[DEBUG] 2025/04/20 23:21:38 logger.go:61: 查询所有订单
[DEBUG] 2025/04/20 23:21:41 logger.go:61: 查询所有订单
[DEBUG] 2025/04/20 23:21:42 logger.go:61: 查询所有订单
[DEBUG] 2025/04/20 23:22:39 logger.go:61: 查询所有订单
[DEBUG] 2025/04/20 23:23:19 logger.go:61: 查询所有订单
[DEBUG] 2025/04/20 23:23:20 logger.go:61: 查询所有订单
[DEBUG] 2025/04/20 23:23:27 logger.go:61: 查询所有订单
[DEBUG] 2025/04/20 23:23:35 logger.go:61: 查询所有订单
[DEBUG] 2025/04/20 23:23:47 logger.go:61: 查询所有订单
[DEBUG] 2025/04/20 23:23:49 logger.go:61: 查询所有订单
[DEBUG] 2025/04/20 23:24:42 logger.go:61: 查询所有订单
[DEBUG] 2025/04/20 23:24:54 logger.go:61: 查询所有订单
[DEBUG] 2025/04/20 23:25:12 logger.go:61: 查询所有订单
[DEBUG] 2025/04/20 23:25:14 logger.go:61: 查询所有订单
[DEBUG] 2025/04/20 23:25:16 logger.go:61: 查询所有订单
[DEBUG] 2025/04/20 23:25:38 logger.go:61: 查询所有订单
[DEBUG] 2025/04/20 23:26:05 logger.go:61: 查询所有订单
[DEBUG] 2025/04/20 23:29:37 logger.go:61: network.ximalayaIIp_ip: www.ximalaya.com
[DEBUG] 2025/04/20 23:29:37 logger.go:61: db.name: pdd_order_test
[DEBUG] 2025/04/20 23:29:46 logger.go:61: 查询所有订单
[DEBUG] 2025/04/20 23:31:33 logger.go:61: 查询所有订单
